18:22:34.481 [main                     ] DEBUG Logger               - Configured Logger
18:22:34.501 [main                     ] DEBUG GameApplication      - Logging settings
Title: Untitled
Version: 0.0
Width: 1050
Height: 700
Fullscreen: false
Intro: false
Profiling: false
Single step:false
App Mode: DEVELOPER
Menu Key: ESCAPE
Stage Style: DECORATED
Scene Factory: class com.almasb.fxgl.app.scene.SceneFactory

18:22:34.773 [JavaFX Application Thread] DEBUG FXGLApplication      - Initializing FXGL
18:22:34.777 [JavaFX Application Thread] INFO  Engine               - FXGL-17.1 (24.03.2022 17.34) on WINDOWS (J:17.0.1 FX:18)
18:22:34.778 [JavaFX Application Thread] DEBUG Engine               - JRE Vendor Name: Oracle Corporation
18:22:34.778 [JavaFX Application Thread] DEBUG Engine               - Running on OS: Windows 10 version 10.0
18:22:34.778 [JavaFX Application Thread] DEBUG Engine               - Architecture: amd64
18:22:34.778 [JavaFX Application Thread] INFO  Engine               - Source code and latest versions at: https://github.com/AlmasB/FXGL
18:22:34.778 [JavaFX Application Thread] INFO  Engine               -       Ask questions and discuss at: https://github.com/AlmasB/FXGL/discussions
18:22:34.778 [JavaFX Application Thread] INFO  Engine               -              Join the FXGL chat at: https://gitter.im/AlmasB/FXGL
18:22:34.832 [JavaFX Application Thread] DEBUG PrimaryStageWindow   - Creating a JavaFX scene
18:22:34.861 [JavaFX Application Thread] DEBUG PrimaryStageWindow   - Target settings size: 1050.0 x 700.0
18:22:34.861 [JavaFX Application Thread] DEBUG PrimaryStageWindow   - Scaled scene size:    1050.0 x 700.0
18:22:34.861 [JavaFX Application Thread] DEBUG PrimaryStageWindow   - Scaled ratio: (1.0, 1.0)
18:22:34.862 [JavaFX Application Thread] DEBUG PrimaryStageWindow   - Set initial scene to FXGLStartupScene
18:22:34.867 [JavaFX Application Thread] DEBUG PrimaryStageWindow   - Opening main window
18:22:34.928 [JavaFX Application Thread] DEBUG PrimaryStageWindow   - Window border size: (16.0, 39.0)
18:22:34.928 [JavaFX Application Thread] DEBUG PrimaryStageWindow   - Scaled size: 1050.0 x 700.0
18:22:34.928 [JavaFX Application Thread] DEBUG PrimaryStageWindow   - Scaled ratio: (1.0, 1.0)
18:22:34.928 [JavaFX Application Thread] DEBUG PrimaryStageWindow   - Scene size: 1050.0 x 700.0
18:22:34.929 [JavaFX Application Thread] DEBUG PrimaryStageWindow   - Stage size: 1066.0 x 739.0
18:22:34.935 [FXGL Background Thread 1 ] DEBUG Engine               - Initializing environment variables
18:22:34.965 [FXGL Background Thread 1 ] DEBUG FXGLAssetLoaderServi - User app class for loading assets: class ca.bcit.comp2522.termproject.idk.GameApp
18:22:34.965 [FXGL Background Thread 1 ] DEBUG GameApplicationServi - Applying CSS: fxgl_dark.css
18:22:34.966 [FXGL Background Thread 1 ] DEBUG FXGLAssetLoaderServi - Loading from file system: jar:file:///C:/Users/Nikolay/.m2/repository/com/github/almasb/fxgl/17.1/fxgl-17.1.jar!/fxglassets/ui/css/fxgl_dark.css
18:22:35.002 [FXGL Background Thread 1 ] DEBUG GameApplicationServi - Initializing application scenes
18:22:35.031 [FXGL Background Thread 1 ] DEBUG GameWorld            - Game world initialized
18:22:35.079 [FXGL Background Thread 1 ] DEBUG PhysicsWorld         - Physics world initialized: appHeight=700, physics.ppm=50.0
18:22:35.079 [FXGL Background Thread 1 ] DEBUG PhysicsWorld         - Using strategy: BRUTE_FORCE
18:22:35.083 [FXGL Background Thread 1 ] DEBUG GameScene            - Game scene initialized: 1050x700
18:22:35.092 [FXGL Background Thread 1 ] DEBUG FXGL.DefaultMenu     - createMenuBodyGameMenu()
18:22:35.106 [FXGL Background Thread 1 ] DEBUG FXGL.DefaultMenu     - createOptionsMenu()
18:22:35.115 [FXGL Background Thread 1 ] DEBUG FXGLAssetLoaderServi - Loading from file system: jar:file:///C:/Users/Nikolay/.m2/repository/com/github/almasb/fxgl/17.1/fxgl-17.1.jar!/fxglassets/textures/particles/smoke.png
18:22:35.186 [FXGL Background Thread 1 ] DEBUG FXGLAssetLoaderServi - Loading from file system: jar:file:///C:/Users/Nikolay/.m2/repository/com/github/almasb/fxgl/17.1/fxgl-17.1.jar!/fxglassets/textures/particles/trace_horizontal.png
18:22:35.206 [FXGL Background Thread 1 ] DEBUG GameApplicationServi - Application scenes initialized
18:22:35.217 [FXGL Background Thread 1 ] DEBUG SystemBundleService  - Loading FXGL system data
18:22:35.220 [FXGL Background Thread 1 ] DEBUG FileSystemAccess     - Reading from: C:\Users\Nikolay\IdeaProjects\522-202210-Term-Project-IDK\system\fxgl.bundle
18:22:35.225 [FXGL Background Thread 1 ] DEBUG SystemBundleService  - Bundle FXGL: {}
18:22:35.225 [FXGL Background Thread 1 ] DEBUG UpdaterService       - Checking for updates
18:22:35.229 [FXGL Background Thread 4 ] DEBUG FXGLApplication      - Loading fonts
18:22:35.229 [FXGL Background Thread 1 ] DEBUG FXGLApplication      - Loading default localization
18:22:35.229 [FXGL Background Thread 4 ] DEBUG FXGLAssetLoaderServi - Loading from file system: jar:file:///C:/Users/Nikolay/.m2/repository/com/github/almasb/fxgl/17.1/fxgl-17.1.jar!/fxglassets/ui/fonts/VarelaRound-Regular.ttf
18:22:35.229 [FXGL Background Thread 1 ] DEBUG FXGLAssetLoaderServi - Loading from file system: jar:file:///C:/Users/Nikolay/.m2/repository/com/github/almasb/fxgl/17.1/fxgl-17.1.jar!/fxglassets/languages/english.lang
18:22:35.242 [FXGL Background Thread 1 ] INFO  FXGLApplication      - FXGL initialization took: 0.307 sec
18:22:35.243 [JavaFX Application Thread] DEBUG FXGLAssetLoaderServi - Loading from file system: jar:file:///C:/Users/Nikolay/.m2/repository/com/github/almasb/fxgl/17.1/fxgl-17.1.jar!/fxglassets/textures/fxgl_icon.png
18:22:35.259 [JavaFX Application Thread] DEBUG FXGLAssetLoaderServi - Loading from file system: jar:file:///C:/Users/Nikolay/.m2/repository/com/github/almasb/fxgl/17.1/fxgl-17.1.jar!/fxglassets/textures/fxgl_default_cursor.png
18:22:35.269 [JavaFX Application Thread] DEBUG Input                - Registered new binding: Screenshot - CTRL+8
18:22:35.269 [JavaFX Application Thread] DEBUG Input                - Registered new binding: System info dump - CTRL+9
18:22:35.270 [JavaFX Application Thread] DEBUG Input                - Registered new binding: Restart - CTRL+R
18:22:35.270 [JavaFX Application Thread] DEBUG Input                - Registered new binding: Toggle Debug Camera - CTRL+7
18:22:35.272 [JavaFX Application Thread] DEBUG LoopRunner           - Starting loop
18:22:35.272 [JavaFX Application Thread] DEBUG LoopRunner           - Initializing JavaFX AnimationTimerLoop
18:22:35.273 [JavaFX Application Thread] DEBUG GameApplicationServi - Starting new game
18:22:35.273 [JavaFX Application Thread] DEBUG Input                - Clearing active input actions
18:22:35.281 [JavaFX Application Thread] DEBUG GameApplicationServi - Removing overlay from FXGLStartupScene and adding to FXGLLoadingScene
18:22:35.282 [JavaFX Application Thread] DEBUG PrimaryStageWindow   - FXGLStartupScene -> FXGLLoadingScene
18:22:35.282 [JavaFX Application Thread] DEBUG GameApplicationServi - Clearing previous game
18:22:35.282 [JavaFX Application Thread] DEBUG GameScene            - Clearing game scene
18:22:35.282 [JavaFX Application Thread] DEBUG GameWorld            - Clearing game world
18:22:35.282 [JavaFX Application Thread] DEBUG PhysicsWorld         - Clearing physics world
18:22:35.283 [FXGL Background Thread 1 ] DEBUG FXGLApplication      - Initializing game
18:22:35.303 [FXGL Background Thread 4 ] DEBUG FXGLAssetLoaderServi - Loading from file system: jar:file:///C:/Users/Nikolay/.m2/repository/com/github/almasb/fxgl/17.1/fxgl-17.1.jar!/fxglassets/ui/fonts/Abel-Regular.ttf
18:22:35.306 [FXGL Background Thread 4 ] DEBUG FXGLAssetLoaderServi - Loading from file system: jar:file:///C:/Users/Nikolay/.m2/repository/com/github/almasb/fxgl/17.1/fxgl-17.1.jar!/fxglassets/ui/fonts/TerminalLandMono-Regular.otf
18:22:35.310 [FXGL Background Thread 4 ] DEBUG FXGLAssetLoaderServi - Loading from file system: jar:file:///C:/Users/Nikolay/.m2/repository/com/github/almasb/fxgl/17.1/fxgl-17.1.jar!/fxglassets/ui/fonts/Courier-Prime.ttf
18:22:35.316 [JavaFX Application Thread] DEBUG FXGLApplication      - Registering font factories with UI factory
18:22:35.318 [FXGL Background Thread 1 ] WARN  TMXLevelLoader       - TiledMap generated from 1.0.1. Supported version: 1.4.2. Some features may not be parsed fully.
18:22:35.381 [FXGL Background Thread 1 ] DEBUG TMXLevelLoader       - Parsed TiledMap: file:/C:/Users/Nikolay/IdeaProjects/522-202210-Term-Project-IDK/target/classes/assets/levels/game.tmx
18:22:35.382 [FXGL Background Thread 1 ] DEBUG TMXLevelLoader       - Creating tile layer entities
18:22:35.383 [FXGL Background Thread 1 ] DEBUG TilesetLoader        - Loading view for layer Tile Layer 1
18:22:35.406 [FXGL Background Thread 1 ] DEBUG TilesetLoader        - Created buffer with size 9600.0x1920.0
18:22:35.427 [FXGL Background Thread 1 ] DEBUG TilesetLoader        - Loading view for layer Tile Layer 2
18:22:35.454 [FXGL Background Thread 1 ] DEBUG TilesetLoader        - Created buffer with size 9600.0x1920.0
18:22:35.479 [FXGL Background Thread 1 ] DEBUG TilesetLoader        - Loading view for layer Tile Layer 3
18:22:35.503 [FXGL Background Thread 1 ] DEBUG TilesetLoader        - Created buffer with size 9600.0x1920.0
18:22:35.504 [FXGL Background Thread 1 ] DEBUG TilesetLoader        - Loading view for layer Tile Layer 4
18:22:35.524 [FXGL Background Thread 1 ] DEBUG TilesetLoader        - Created buffer with size 9600.0x1920.0
18:22:35.527 [FXGL Background Thread 1 ] DEBUG TMXLevelLoader       - Creating object layer entities
18:22:35.527 [FXGL Background Thread 1 ] DEBUG GameWorld            - Clearing removable entities
18:22:35.527 [FXGL Background Thread 1 ] DEBUG GameWorld            - Setting level: com.almasb.fxgl.entity.level.Level@18113d22
18:22:35.529 [FXGL Background Thread 1 ] INFO  FXGLApplication      - Game initialization took: 0.246 sec
18:22:35.530 [JavaFX Application Thread] DEBUG Input                - Clearing active input actions
18:22:35.536 [JavaFX Application Thread] DEBUG GameApplicationServi - Removing overlay from FXGLLoadingScene and adding to GameScene
18:22:35.536 [JavaFX Application Thread] DEBUG PrimaryStageWindow   - FXGLLoadingScene -> GameScene
18:22:37.468 [JavaFX Application Thread] DEBUG FXGLApplication      - Exiting FXGL
18:22:37.468 [JavaFX Application Thread] DEBUG LoopRunner           - Stopping loop
18:22:37.468 [JavaFX Application Thread] DEBUG SystemBundleService  - Saving FXGL system data
18:22:37.470 [JavaFX Application Thread] DEBUG FileSystemAccess     - Writing to: C:\Users\Nikolay\IdeaProjects\522-202210-Term-Project-IDK\system\fxgl.bundle
18:22:37.471 [JavaFX Application Thread] DEBUG Async                - Shutting down background threads
18:22:37.471 [JavaFX Application Thread] DEBUG PrimaryStageWindow   - Closing main window
18:22:37.477 [JavaFX Application Thread] DEBUG Logger               - Closing Logger
