18:08:24.875 [main                     ] DEBUG Logger               - Configured Logger
18:08:24.897 [main                     ] DEBUG GameApplication      - Logging settings
Title: Untitled
Version: 0.0
Width: 1050
Height: 700
Fullscreen: false
Intro: false
Profiling: false
Single step:false
App Mode: DEVELOPER
Menu Key: ESCAPE
Stage Style: DECORATED
Scene Factory: class com.almasb.fxgl.app.scene.SceneFactory

18:08:25.165 [JavaFX Application Thread] DEBUG FXGLApplication      - Initializing FXGL
18:08:25.168 [JavaFX Application Thread] INFO  Engine               - FXGL-17.1 (24.03.2022 17.34) on WINDOWS (J:17.0.1 FX:18)
18:08:25.168 [JavaFX Application Thread] DEBUG Engine               - JRE Vendor Name: Oracle Corporation
18:08:25.169 [JavaFX Application Thread] DEBUG Engine               - Running on OS: Windows 10 version 10.0
18:08:25.169 [JavaFX Application Thread] DEBUG Engine               - Architecture: amd64
18:08:25.169 [JavaFX Application Thread] INFO  Engine               - Source code and latest versions at: https://github.com/AlmasB/FXGL
18:08:25.169 [JavaFX Application Thread] INFO  Engine               -       Ask questions and discuss at: https://github.com/AlmasB/FXGL/discussions
18:08:25.169 [JavaFX Application Thread] INFO  Engine               -              Join the FXGL chat at: https://gitter.im/AlmasB/FXGL
18:08:25.223 [JavaFX Application Thread] DEBUG PrimaryStageWindow   - Creating a JavaFX scene
18:08:25.250 [JavaFX Application Thread] DEBUG PrimaryStageWindow   - Target settings size: 1050.0 x 700.0
18:08:25.251 [JavaFX Application Thread] DEBUG PrimaryStageWindow   - Scaled scene size:    1050.0 x 700.0
18:08:25.251 [JavaFX Application Thread] DEBUG PrimaryStageWindow   - Scaled ratio: (1.0, 1.0)
18:08:25.251 [JavaFX Application Thread] DEBUG PrimaryStageWindow   - Set initial scene to FXGLStartupScene
18:08:25.255 [JavaFX Application Thread] DEBUG PrimaryStageWindow   - Opening main window
18:08:25.307 [JavaFX Application Thread] DEBUG PrimaryStageWindow   - Window border size: (16.0, 39.0)
18:08:25.307 [JavaFX Application Thread] DEBUG PrimaryStageWindow   - Scaled size: 1050.0 x 700.0
18:08:25.308 [JavaFX Application Thread] DEBUG PrimaryStageWindow   - Scaled ratio: (1.0, 1.0)
18:08:25.308 [JavaFX Application Thread] DEBUG PrimaryStageWindow   - Scene size: 1050.0 x 700.0
18:08:25.308 [JavaFX Application Thread] DEBUG PrimaryStageWindow   - Stage size: 1066.0 x 739.0
18:08:25.314 [FXGL Background Thread 1 ] DEBUG Engine               - Initializing environment variables
18:08:25.341 [FXGL Background Thread 1 ] DEBUG FXGLAssetLoaderServi - User app class for loading assets: class ca.bcit.comp2522.termproject.idk.GameApp
18:08:25.341 [FXGL Background Thread 1 ] DEBUG GameApplicationServi - Applying CSS: fxgl_dark.css
18:08:25.341 [FXGL Background Thread 1 ] DEBUG FXGLAssetLoaderServi - Loading from file system: jar:file:///C:/Users/Nikolay/.m2/repository/com/github/almasb/fxgl/17.1/fxgl-17.1.jar!/fxglassets/ui/css/fxgl_dark.css
18:08:25.370 [FXGL Background Thread 1 ] DEBUG GameApplicationServi - Initializing application scenes
18:08:25.395 [FXGL Background Thread 1 ] DEBUG GameWorld            - Game world initialized
18:08:25.442 [FXGL Background Thread 1 ] DEBUG PhysicsWorld         - Physics world initialized: appHeight=700, physics.ppm=50.0
18:08:25.442 [FXGL Background Thread 1 ] DEBUG PhysicsWorld         - Using strategy: BRUTE_FORCE
18:08:25.445 [FXGL Background Thread 1 ] DEBUG GameScene            - Game scene initialized: 1050x700
18:08:25.454 [FXGL Background Thread 1 ] DEBUG FXGL.DefaultMenu     - createMenuBodyGameMenu()
18:08:25.466 [FXGL Background Thread 1 ] DEBUG FXGL.DefaultMenu     - createOptionsMenu()
18:08:25.475 [FXGL Background Thread 1 ] DEBUG FXGLAssetLoaderServi - Loading from file system: jar:file:///C:/Users/Nikolay/.m2/repository/com/github/almasb/fxgl/17.1/fxgl-17.1.jar!/fxglassets/textures/particles/smoke.png
18:08:25.536 [FXGL Background Thread 1 ] DEBUG FXGLAssetLoaderServi - Loading from file system: jar:file:///C:/Users/Nikolay/.m2/repository/com/github/almasb/fxgl/17.1/fxgl-17.1.jar!/fxglassets/textures/particles/trace_horizontal.png
18:08:25.556 [FXGL Background Thread 1 ] DEBUG GameApplicationServi - Application scenes initialized
18:08:25.564 [FXGL Background Thread 1 ] DEBUG SystemBundleService  - Loading FXGL system data
18:08:25.566 [FXGL Background Thread 1 ] WARN  SystemBundleService  - Failed to load: java.io.FileNotFoundException: C:\Users\Nikolay\IdeaProjects\522-202210-Term-Project-IDK\system\fxgl.bundle (The system cannot find the file specified)
18:08:25.566 [FXGL Background Thread 1 ] DEBUG SystemBundleService  - Loading default FXGL system data
18:08:25.566 [FXGL Background Thread 1 ] DEBUG UpdaterService       - Checking for updates
18:08:25.569 [FXGL Background Thread 4 ] DEBUG FXGLApplication      - Loading fonts
18:08:25.570 [FXGL Background Thread 1 ] DEBUG FXGLApplication      - Loading default localization
18:08:25.570 [FXGL Background Thread 4 ] DEBUG FXGLAssetLoaderServi - Loading from file system: jar:file:///C:/Users/Nikolay/.m2/repository/com/github/almasb/fxgl/17.1/fxgl-17.1.jar!/fxglassets/ui/fonts/VarelaRound-Regular.ttf
18:08:25.570 [FXGL Background Thread 1 ] DEBUG FXGLAssetLoaderServi - Loading from file system: jar:file:///C:/Users/Nikolay/.m2/repository/com/github/almasb/fxgl/17.1/fxgl-17.1.jar!/fxglassets/languages/english.lang
18:08:25.583 [FXGL Background Thread 1 ] INFO  FXGLApplication      - FXGL initialization took: 0.269 sec
18:08:25.584 [JavaFX Application Thread] DEBUG FXGLAssetLoaderServi - Loading from file system: jar:file:///C:/Users/Nikolay/.m2/repository/com/github/almasb/fxgl/17.1/fxgl-17.1.jar!/fxglassets/textures/fxgl_icon.png
18:08:25.597 [JavaFX Application Thread] DEBUG FXGLAssetLoaderServi - Loading from file system: jar:file:///C:/Users/Nikolay/.m2/repository/com/github/almasb/fxgl/17.1/fxgl-17.1.jar!/fxglassets/textures/fxgl_default_cursor.png
18:08:25.607 [JavaFX Application Thread] DEBUG Input                - Registered new binding: Screenshot - CTRL+8
18:08:25.607 [JavaFX Application Thread] DEBUG Input                - Registered new binding: System info dump - CTRL+9
18:08:25.607 [JavaFX Application Thread] DEBUG Input                - Registered new binding: Restart - CTRL+R
18:08:25.608 [JavaFX Application Thread] DEBUG Input                - Registered new binding: Toggle Debug Camera - CTRL+7
18:08:25.609 [JavaFX Application Thread] DEBUG LoopRunner           - Starting loop
18:08:25.609 [JavaFX Application Thread] DEBUG LoopRunner           - Initializing JavaFX AnimationTimerLoop
18:08:25.610 [JavaFX Application Thread] DEBUG GameApplicationServi - Starting new game
18:08:25.611 [JavaFX Application Thread] DEBUG Input                - Clearing active input actions
18:08:25.618 [JavaFX Application Thread] DEBUG GameApplicationServi - Removing overlay from FXGLStartupScene and adding to FXGLLoadingScene
18:08:25.618 [JavaFX Application Thread] DEBUG PrimaryStageWindow   - FXGLStartupScene -> FXGLLoadingScene
18:08:25.618 [JavaFX Application Thread] DEBUG GameApplicationServi - Clearing previous game
18:08:25.618 [JavaFX Application Thread] DEBUG GameScene            - Clearing game scene
18:08:25.618 [JavaFX Application Thread] DEBUG GameWorld            - Clearing game world
18:08:25.619 [JavaFX Application Thread] DEBUG PhysicsWorld         - Clearing physics world
18:08:25.620 [FXGL Background Thread 1 ] DEBUG FXGLApplication      - Initializing game
18:08:25.633 [FXGL Background Thread 4 ] DEBUG FXGLAssetLoaderServi - Loading from file system: jar:file:///C:/Users/Nikolay/.m2/repository/com/github/almasb/fxgl/17.1/fxgl-17.1.jar!/fxglassets/ui/fonts/Abel-Regular.ttf
18:08:25.637 [FXGL Background Thread 4 ] DEBUG FXGLAssetLoaderServi - Loading from file system: jar:file:///C:/Users/Nikolay/.m2/repository/com/github/almasb/fxgl/17.1/fxgl-17.1.jar!/fxglassets/ui/fonts/TerminalLandMono-Regular.otf
18:08:25.641 [FXGL Background Thread 4 ] DEBUG FXGLAssetLoaderServi - Loading from file system: jar:file:///C:/Users/Nikolay/.m2/repository/com/github/almasb/fxgl/17.1/fxgl-17.1.jar!/fxglassets/ui/fonts/Courier-Prime.ttf
18:08:25.647 [JavaFX Application Thread] DEBUG FXGLApplication      - Registering font factories with UI factory
18:08:25.650 [FXGL Background Thread 1 ] WARN  TMXLevelLoader       - TiledMap generated from 1.0.1. Supported version: 1.4.2. Some features may not be parsed fully.
18:08:25.714 [FXGL Background Thread 1 ] DEBUG TMXLevelLoader       - Parsed TiledMap: file:/C:/Users/Nikolay/IdeaProjects/522-202210-Term-Project-IDK/target/classes/assets/levels/game.tmx
18:08:25.715 [FXGL Background Thread 1 ] DEBUG TMXLevelLoader       - Creating tile layer entities
18:08:25.717 [FXGL Background Thread 1 ] DEBUG TilesetLoader        - Loading view for layer Tile Layer 1
18:08:25.744 [FXGL Background Thread 1 ] DEBUG TilesetLoader        - Created buffer with size 9600.0x1920.0
18:08:25.746 [FXGL Background Thread 1 ] WARN  TMXLevelLoader       - Parse error
java.lang.ArrayIndexOutOfBoundsException: arraycopy: last source index 4224 out of bounds for byte[4096]
	at java.base/java.lang.System.arraycopy(Native Method)
	at javafx.graphics@18/com.sun.javafx.image.impl.BaseByteToByteConverter$ByteAnyToSameConverter.doConvert(BaseByteToByteConverter.java:176)
	at javafx.graphics@18/com.sun.javafx.image.impl.BaseByteToByteConverter.convert(BaseByteToByteConverter.java:99)
	at javafx.graphics@18/com.sun.javafx.image.impl.BaseByteToByteConverter$ByteAnyToSameConverter.convert(BaseByteToByteConverter.java:165)
	at javafx.graphics@18/com.sun.prism.Image$BaseAccessor.getPixels(Image.java:1031)
	at javafx.graphics@18/com.sun.prism.Image.getPixels(Image.java:697)
	at javafx.graphics@18/javafx.scene.image.Image$2.getPixels(Image.java:1224)
	at javafx.graphics@18/com.sun.prism.Image$ByteAccess.setPixels(Image.java:1123)
	at javafx.graphics@18/com.sun.prism.Image.setPixels(Image.java:754)
	at javafx.graphics@18/javafx.scene.image.WritableImage$2.setPixels(WritableImage.java:268)
	at com.almasb.fxgl.entity@17.1/com.almasb.fxgl.entity.level.tiled.TilesetLoader.loadView(TilesetLoader.kt:173)
	at com.almasb.fxgl.entity@17.1/com.almasb.fxgl.entity.level.tiled.TMXLevelLoader.createTileLayerEntities$lambda-4(TMXLevelLoader.kt:100)
	at java.base/java.util.stream.ReferencePipeline$3$1.accept(ReferencePipeline.java:197)
	at java.base/java.util.ArrayList$ArrayListSpliterator.forEachRemaining(ArrayList.java:1625)
	at java.base/java.util.stream.AbstractPipeline.copyInto(AbstractPipeline.java:509)
	at java.base/java.util.stream.AbstractPipeline.wrapAndCopyInto(AbstractPipeline.java:499)
	at java.base/java.util.stream.ReduceOps$ReduceOp.evaluateSequential(ReduceOps.java:921)
	at java.base/java.util.stream.AbstractPipeline.evaluate(AbstractPipeline.java:234)
	at java.base/java.util.stream.ReferencePipeline.collect(ReferencePipeline.java:682)
	at com.almasb.fxgl.entity@17.1/com.almasb.fxgl.entity.level.tiled.TMXLevelLoader.createTileLayerEntities(TMXLevelLoader.kt:117)
	at com.almasb.fxgl.entity@17.1/com.almasb.fxgl.entity.level.tiled.TMXLevelLoader.load(TMXLevelLoader.kt:58)
	at com.almasb.fxgl.all@17.1/com.almasb.fxgl.app.services.FXGLAssetLoaderService.loadLevel(FXGLAssetLoaderService.kt:446)
	at com.almasb.fxgl.all@17.1/com.almasb.fxgl.dsl.FXGL$Companion.setLevelFromMap(FXGL.kt:634)
	at com.almasb.fxgl.all@17.1/com.almasb.fxgl.dsl.FXGL.setLevelFromMap(FXGL.kt)
	at drop.main/ca.bcit.comp2522.termproject.idk.GameApp.initGame(GameApp.java:31)
	at com.almasb.fxgl.all@17.1/com.almasb.fxgl.app.FXGLApplication$InitAppTask.initGame(FXGLApplication.kt:339)
	at com.almasb.fxgl.all@17.1/com.almasb.fxgl.app.FXGLApplication$InitAppTask.call(FXGLApplication.kt:319)
	at com.almasb.fxgl.all@17.1/com.almasb.fxgl.app.FXGLApplication$InitAppTask.call(FXGLApplication.kt:311)
	at javafx.graphics@18/javafx.concurrent.Task$TaskCallable.call(Task.java:1426)
	at java.base/java.util.concurrent.FutureTask.run(FutureTask.java:264)
	at java.base/java.util.concurrent.Executors$RunnableAdapter.call(Executors.java:539)
	at java.base/java.util.concurrent.FutureTask.run(FutureTask.java:264)
	at java.base/java.util.concurrent.ThreadPoolExecutor.runWorker(ThreadPoolExecutor.java:1136)
	at java.base/java.util.concurrent.ThreadPoolExecutor$Worker.run(ThreadPoolExecutor.java:635)
	at java.base/java.lang.Thread.run(Thread.java:833)

18:08:25.747 [JavaFX Application Thread] DEBUG LoopRunner           - Stopping loop
18:08:25.748 [JavaFX Application Thread] FATAL FXGLApplication      - Uncaught Exception:
java.lang.RuntimeException: Initialization failed
	at com.almasb.fxgl.all@17.1/com.almasb.fxgl.app.FXGLApplication$InitAppTask.failed(FXGLApplication.kt:343)
	at javafx.graphics@18/javafx.concurrent.Task.setState(Task.java:710)
	at javafx.graphics@18/javafx.concurrent.Task$TaskCallable.lambda$call$2(Task.java:1456)
	at javafx.graphics@18/com.sun.javafx.application.PlatformImpl.lambda$runLater$10(PlatformImpl.java:457)
	at java.base/java.security.AccessController.doPrivileged(AccessController.java:399)
	at javafx.graphics@18/com.sun.javafx.application.PlatformImpl.lambda$runLater$11(PlatformImpl.java:456)
	at javafx.graphics@18/com.sun.glass.ui.InvokeLaterDispatcher$Future.run(InvokeLaterDispatcher.java:96)
	at javafx.graphics@18/com.sun.glass.ui.win.WinApplication._runLoop(Native Method)
	at javafx.graphics@18/com.sun.glass.ui.win.WinApplication.lambda$runLoop$3(WinApplication.java:184)
	at java.base/java.lang.Thread.run(Thread.java:833)
Caused by: com.almasb.fxgl.entity.level.LevelLoadingException: arraycopy: last source index 4224 out of bounds for byte[4096]
	at com.almasb.fxgl.entity@17.1/com.almasb.fxgl.entity.level.tiled.TMXLevelLoader.load(TMXLevelLoader.kt:78)
	at com.almasb.fxgl.all@17.1/com.almasb.fxgl.app.services.FXGLAssetLoaderService.loadLevel(FXGLAssetLoaderService.kt:446)
	at com.almasb.fxgl.all@17.1/com.almasb.fxgl.dsl.FXGL$Companion.setLevelFromMap(FXGL.kt:634)
	at com.almasb.fxgl.all@17.1/com.almasb.fxgl.dsl.FXGL.setLevelFromMap(FXGL.kt)
	at drop.main/ca.bcit.comp2522.termproject.idk.GameApp.initGame(GameApp.java:31)
	at com.almasb.fxgl.all@17.1/com.almasb.fxgl.app.FXGLApplication$InitAppTask.initGame(FXGLApplication.kt:339)
	at com.almasb.fxgl.all@17.1/com.almasb.fxgl.app.FXGLApplication$InitAppTask.call(FXGLApplication.kt:319)
	at com.almasb.fxgl.all@17.1/com.almasb.fxgl.app.FXGLApplication$InitAppTask.call(FXGLApplication.kt:311)
	at javafx.graphics@18/javafx.concurrent.Task$TaskCallable.call(Task.java:1426)
	at java.base/java.util.concurrent.FutureTask.run(FutureTask.java:264)
	at java.base/java.util.concurrent.Executors$RunnableAdapter.call(Executors.java:539)
	at java.base/java.util.concurrent.FutureTask.run(FutureTask.java:264)
	at java.base/java.util.concurrent.ThreadPoolExecutor.runWorker(ThreadPoolExecutor.java:1136)
	at java.base/java.util.concurrent.ThreadPoolExecutor$Worker.run(ThreadPoolExecutor.java:635)
	... 1 more
Caused by: java.lang.ArrayIndexOutOfBoundsException: arraycopy: last source index 4224 out of bounds for byte[4096]
	at java.base/java.lang.System.arraycopy(Native Method)
	at javafx.graphics@18/com.sun.javafx.image.impl.BaseByteToByteConverter$ByteAnyToSameConverter.doConvert(BaseByteToByteConverter.java:176)
	at javafx.graphics@18/com.sun.javafx.image.impl.BaseByteToByteConverter.convert(BaseByteToByteConverter.java:99)
	at javafx.graphics@18/com.sun.javafx.image.impl.BaseByteToByteConverter$ByteAnyToSameConverter.convert(BaseByteToByteConverter.java:165)
	at javafx.graphics@18/com.sun.prism.Image$BaseAccessor.getPixels(Image.java:1031)
	at javafx.graphics@18/com.sun.prism.Image.getPixels(Image.java:697)
	at javafx.graphics@18/javafx.scene.image.Image$2.getPixels(Image.java:1224)
	at javafx.graphics@18/com.sun.prism.Image$ByteAccess.setPixels(Image.java:1123)
	at javafx.graphics@18/com.sun.prism.Image.setPixels(Image.java:754)
	at javafx.graphics@18/javafx.scene.image.WritableImage$2.setPixels(WritableImage.java:268)
	at com.almasb.fxgl.entity@17.1/com.almasb.fxgl.entity.level.tiled.TilesetLoader.loadView(TilesetLoader.kt:173)
	at com.almasb.fxgl.entity@17.1/com.almasb.fxgl.entity.level.tiled.TMXLevelLoader.createTileLayerEntities$lambda-4(TMXLevelLoader.kt:100)
	at java.base/java.util.stream.ReferencePipeline$3$1.accept(ReferencePipeline.java:197)
	at java.base/java.util.ArrayList$ArrayListSpliterator.forEachRemaining(ArrayList.java:1625)
	at java.base/java.util.stream.AbstractPipeline.copyInto(AbstractPipeline.java:509)
	at java.base/java.util.stream.AbstractPipeline.wrapAndCopyInto(AbstractPipeline.java:499)
	at java.base/java.util.stream.ReduceOps$ReduceOp.evaluateSequential(ReduceOps.java:921)
	at java.base/java.util.stream.AbstractPipeline.evaluate(AbstractPipeline.java:234)
	at java.base/java.util.stream.ReferencePipeline.collect(ReferencePipeline.java:682)
	at com.almasb.fxgl.entity@17.1/com.almasb.fxgl.entity.level.tiled.TMXLevelLoader.createTileLayerEntities(TMXLevelLoader.kt:117)
	at com.almasb.fxgl.entity@17.1/com.almasb.fxgl.entity.level.tiled.TMXLevelLoader.load(TMXLevelLoader.kt:58)
	... 14 more

18:08:25.748 [JavaFX Application Thread] FATAL FXGLApplication      - Application will now exit
18:08:25.762 [JavaFX Application Thread] DEBUG PrimaryStageWindow   - Push state: ErrorSubScene
18:08:25.762 [JavaFX Application Thread] DEBUG Input                - Clearing active input actions
18:08:25.765 [JavaFX Application Thread] DEBUG GameApplicationServi - Removing overlay from FXGLLoadingScene and adding to ErrorSubScene
18:08:25.765 [JavaFX Application Thread] DEBUG PrimaryStageWindow   - FXGLLoadingScene -> ErrorSubScene
18:08:27.858 [JavaFX Application Thread] DEBUG FXGLApplication      - Exiting FXGL
18:08:27.858 [JavaFX Application Thread] DEBUG Async                - Shutting down background threads
18:08:27.858 [JavaFX Application Thread] DEBUG PrimaryStageWindow   - Closing main window
18:08:27.863 [JavaFX Application Thread] DEBUG Logger               - Closing Logger
