17:53:59.389 [main                     ] DEBUG Logger               - Configured Logger
17:53:59.408 [main                     ] DEBUG GameApplication      - Logging settings
Title: Untitled
Version: 0.0
Width: 1050
Height: 700
Fullscreen: false
Intro: false
Profiling: false
Single step:false
App Mode: DEVELOPER
Menu Key: ESCAPE
Stage Style: DECORATED
Scene Factory: class com.almasb.fxgl.app.scene.SceneFactory

17:53:59.677 [JavaFX Application Thread] DEBUG FXGLApplication      - Initializing FXGL
17:53:59.681 [JavaFX Application Thread] INFO  Engine               - FXGL-17.1 (24.03.2022 17.34) on WINDOWS (J:17.0.1 FX:18)
17:53:59.681 [JavaFX Application Thread] DEBUG Engine               - JRE Vendor Name: Oracle Corporation
17:53:59.682 [JavaFX Application Thread] DEBUG Engine               - Running on OS: Windows 10 version 10.0
17:53:59.682 [JavaFX Application Thread] DEBUG Engine               - Architecture: amd64
17:53:59.682 [JavaFX Application Thread] INFO  Engine               - Source code and latest versions at: https://github.com/AlmasB/FXGL
17:53:59.682 [JavaFX Application Thread] INFO  Engine               -       Ask questions and discuss at: https://github.com/AlmasB/FXGL/discussions
17:53:59.682 [JavaFX Application Thread] INFO  Engine               -              Join the FXGL chat at: https://gitter.im/AlmasB/FXGL
17:53:59.739 [JavaFX Application Thread] DEBUG PrimaryStageWindow   - Creating a JavaFX scene
17:53:59.767 [JavaFX Application Thread] DEBUG PrimaryStageWindow   - Target settings size: 1050.0 x 700.0
17:53:59.767 [JavaFX Application Thread] DEBUG PrimaryStageWindow   - Scaled scene size:    1050.0 x 700.0
17:53:59.767 [JavaFX Application Thread] DEBUG PrimaryStageWindow   - Scaled ratio: (1.0, 1.0)
17:53:59.768 [JavaFX Application Thread] DEBUG PrimaryStageWindow   - Set initial scene to FXGLStartupScene
17:53:59.772 [JavaFX Application Thread] DEBUG PrimaryStageWindow   - Opening main window
17:53:59.823 [JavaFX Application Thread] DEBUG PrimaryStageWindow   - Window border size: (16.0, 39.0)
17:53:59.823 [JavaFX Application Thread] DEBUG PrimaryStageWindow   - Scaled size: 1050.0 x 700.0
17:53:59.824 [JavaFX Application Thread] DEBUG PrimaryStageWindow   - Scaled ratio: (1.0, 1.0)
17:53:59.824 [JavaFX Application Thread] DEBUG PrimaryStageWindow   - Scene size: 1050.0 x 700.0
17:53:59.824 [JavaFX Application Thread] DEBUG PrimaryStageWindow   - Stage size: 1066.0 x 739.0
17:53:59.830 [FXGL Background Thread 1 ] DEBUG Engine               - Initializing environment variables
17:53:59.856 [FXGL Background Thread 1 ] DEBUG FXGLAssetLoaderServi - User app class for loading assets: class ca.bcit.comp2522.termproject.idk.GameApp
17:53:59.856 [FXGL Background Thread 1 ] DEBUG GameApplicationServi - Applying CSS: fxgl_dark.css
17:53:59.857 [FXGL Background Thread 1 ] DEBUG FXGLAssetLoaderServi - Loading from file system: jar:file:///C:/Users/Nikolay/.m2/repository/com/github/almasb/fxgl/17.1/fxgl-17.1.jar!/fxglassets/ui/css/fxgl_dark.css
17:53:59.890 [FXGL Background Thread 1 ] DEBUG GameApplicationServi - Initializing application scenes
17:53:59.920 [FXGL Background Thread 1 ] DEBUG GameWorld            - Game world initialized
17:53:59.970 [FXGL Background Thread 1 ] DEBUG PhysicsWorld         - Physics world initialized: appHeight=700, physics.ppm=50.0
17:53:59.970 [FXGL Background Thread 1 ] DEBUG PhysicsWorld         - Using strategy: BRUTE_FORCE
17:53:59.973 [FXGL Background Thread 1 ] DEBUG GameScene            - Game scene initialized: 1050x700
17:53:59.983 [FXGL Background Thread 1 ] DEBUG FXGL.DefaultMenu     - createMenuBodyGameMenu()
17:53:59.996 [FXGL Background Thread 1 ] DEBUG FXGL.DefaultMenu     - createOptionsMenu()
17:54:00.009 [FXGL Background Thread 1 ] DEBUG FXGLAssetLoaderServi - Loading from file system: jar:file:///C:/Users/Nikolay/.m2/repository/com/github/almasb/fxgl/17.1/fxgl-17.1.jar!/fxglassets/textures/particles/smoke.png
17:54:00.091 [FXGL Background Thread 1 ] DEBUG FXGLAssetLoaderServi - Loading from file system: jar:file:///C:/Users/Nikolay/.m2/repository/com/github/almasb/fxgl/17.1/fxgl-17.1.jar!/fxglassets/textures/particles/trace_horizontal.png
17:54:00.111 [FXGL Background Thread 1 ] DEBUG GameApplicationServi - Application scenes initialized
17:54:00.120 [FXGL Background Thread 1 ] DEBUG SystemBundleService  - Loading FXGL system data
17:54:00.123 [FXGL Background Thread 1 ] WARN  SystemBundleService  - Failed to load: java.io.FileNotFoundException: C:\Users\Nikolay\IdeaProjects\522-202210-Term-Project-IDK\system\fxgl.bundle (The system cannot find the file specified)
17:54:00.123 [FXGL Background Thread 1 ] DEBUG SystemBundleService  - Loading default FXGL system data
17:54:00.123 [FXGL Background Thread 1 ] DEBUG UpdaterService       - Checking for updates
17:54:00.127 [FXGL Background Thread 4 ] DEBUG FXGLApplication      - Loading fonts
17:54:00.127 [FXGL Background Thread 1 ] DEBUG FXGLApplication      - Loading default localization
17:54:00.127 [FXGL Background Thread 4 ] DEBUG FXGLAssetLoaderServi - Loading from file system: jar:file:///C:/Users/Nikolay/.m2/repository/com/github/almasb/fxgl/17.1/fxgl-17.1.jar!/fxglassets/ui/fonts/VarelaRound-Regular.ttf
17:54:00.127 [FXGL Background Thread 1 ] DEBUG FXGLAssetLoaderServi - Loading from file system: jar:file:///C:/Users/Nikolay/.m2/repository/com/github/almasb/fxgl/17.1/fxgl-17.1.jar!/fxglassets/languages/english.lang
17:54:00.141 [FXGL Background Thread 1 ] INFO  FXGLApplication      - FXGL initialization took: 0.310 sec
17:54:00.141 [JavaFX Application Thread] DEBUG FXGLAssetLoaderServi - Loading from file system: jar:file:///C:/Users/Nikolay/.m2/repository/com/github/almasb/fxgl/17.1/fxgl-17.1.jar!/fxglassets/textures/fxgl_icon.png
17:54:00.156 [JavaFX Application Thread] DEBUG FXGLAssetLoaderServi - Loading from file system: jar:file:///C:/Users/Nikolay/.m2/repository/com/github/almasb/fxgl/17.1/fxgl-17.1.jar!/fxglassets/textures/fxgl_default_cursor.png
17:54:00.166 [JavaFX Application Thread] DEBUG Input                - Registered new binding: Screenshot - CTRL+8
17:54:00.166 [JavaFX Application Thread] DEBUG Input                - Registered new binding: System info dump - CTRL+9
17:54:00.166 [JavaFX Application Thread] DEBUG Input                - Registered new binding: Restart - CTRL+R
17:54:00.167 [JavaFX Application Thread] DEBUG Input                - Registered new binding: Toggle Debug Camera - CTRL+7
17:54:00.169 [JavaFX Application Thread] DEBUG LoopRunner           - Starting loop
17:54:00.169 [JavaFX Application Thread] DEBUG LoopRunner           - Initializing JavaFX AnimationTimerLoop
17:54:00.170 [JavaFX Application Thread] DEBUG GameApplicationServi - Starting new game
17:54:00.170 [JavaFX Application Thread] DEBUG Input                - Clearing active input actions
17:54:00.178 [JavaFX Application Thread] DEBUG GameApplicationServi - Removing overlay from FXGLStartupScene and adding to FXGLLoadingScene
17:54:00.179 [JavaFX Application Thread] DEBUG PrimaryStageWindow   - FXGLStartupScene -> FXGLLoadingScene
17:54:00.179 [JavaFX Application Thread] DEBUG GameApplicationServi - Clearing previous game
17:54:00.179 [JavaFX Application Thread] DEBUG GameScene            - Clearing game scene
17:54:00.179 [JavaFX Application Thread] DEBUG GameWorld            - Clearing game world
17:54:00.179 [JavaFX Application Thread] DEBUG PhysicsWorld         - Clearing physics world
17:54:00.181 [FXGL Background Thread 1 ] DEBUG FXGLApplication      - Initializing game
17:54:00.198 [FXGL Background Thread 4 ] DEBUG FXGLAssetLoaderServi - Loading from file system: jar:file:///C:/Users/Nikolay/.m2/repository/com/github/almasb/fxgl/17.1/fxgl-17.1.jar!/fxglassets/ui/fonts/Abel-Regular.ttf
17:54:00.202 [FXGL Background Thread 4 ] DEBUG FXGLAssetLoaderServi - Loading from file system: jar:file:///C:/Users/Nikolay/.m2/repository/com/github/almasb/fxgl/17.1/fxgl-17.1.jar!/fxglassets/ui/fonts/TerminalLandMono-Regular.otf
17:54:00.206 [FXGL Background Thread 4 ] DEBUG FXGLAssetLoaderServi - Loading from file system: jar:file:///C:/Users/Nikolay/.m2/repository/com/github/almasb/fxgl/17.1/fxgl-17.1.jar!/fxglassets/ui/fonts/Courier-Prime.ttf
17:54:00.212 [JavaFX Application Thread] DEBUG FXGLApplication      - Registering font factories with UI factory
17:54:00.214 [FXGL Background Thread 1 ] WARN  TMXLevelLoader       - TiledMap generated from 1.0.1. Supported version: 1.4.2. Some features may not be parsed fully.
17:54:00.278 [FXGL Background Thread 1 ] DEBUG TMXLevelLoader       - Parsed TiledMap: file:/C:/Users/Nikolay/IdeaProjects/522-202210-Term-Project-IDK/target/classes/assets/levels/game.tmx
17:54:00.279 [FXGL Background Thread 1 ] DEBUG TMXLevelLoader       - Creating tile layer entities
17:54:00.280 [FXGL Background Thread 1 ] DEBUG TilesetLoader        - Loading view for layer Tile Layer 1
17:54:00.307 [FXGL Background Thread 1 ] DEBUG TilesetLoader        - Created buffer with size 9600.0x1920.0
17:54:00.309 [FXGL Background Thread 1 ] WARN  TMXLevelLoader       - Parse error
java.lang.ArrayIndexOutOfBoundsException: arraycopy: last source index 4224 out of bounds for byte[4096]
	at java.base/java.lang.System.arraycopy(Native Method)
	at javafx.graphics@18/com.sun.javafx.image.impl.BaseByteToByteConverter$ByteAnyToSameConverter.doConvert(BaseByteToByteConverter.java:176)
	at javafx.graphics@18/com.sun.javafx.image.impl.BaseByteToByteConverter.convert(BaseByteToByteConverter.java:99)
	at javafx.graphics@18/com.sun.javafx.image.impl.BaseByteToByteConverter$ByteAnyToSameConverter.convert(BaseByteToByteConverter.java:165)
	at javafx.graphics@18/com.sun.prism.Image$BaseAccessor.getPixels(Image.java:1031)
	at javafx.graphics@18/com.sun.prism.Image.getPixels(Image.java:697)
	at javafx.graphics@18/javafx.scene.image.Image$2.getPixels(Image.java:1224)
	at javafx.graphics@18/com.sun.prism.Image$ByteAccess.setPixels(Image.java:1123)
	at javafx.graphics@18/com.sun.prism.Image.setPixels(Image.java:754)
	at javafx.graphics@18/javafx.scene.image.WritableImage$2.setPixels(WritableImage.java:268)
	at com.almasb.fxgl.entity@17.1/com.almasb.fxgl.entity.level.tiled.TilesetLoader.loadView(TilesetLoader.kt:173)
	at com.almasb.fxgl.entity@17.1/com.almasb.fxgl.entity.level.tiled.TMXLevelLoader.createTileLayerEntities$lambda-4(TMXLevelLoader.kt:100)
	at java.base/java.util.stream.ReferencePipeline$3$1.accept(ReferencePipeline.java:197)
	at java.base/java.util.ArrayList$ArrayListSpliterator.forEachRemaining(ArrayList.java:1625)
	at java.base/java.util.stream.AbstractPipeline.copyInto(AbstractPipeline.java:509)
	at java.base/java.util.stream.AbstractPipeline.wrapAndCopyInto(AbstractPipeline.java:499)
	at java.base/java.util.stream.ReduceOps$ReduceOp.evaluateSequential(ReduceOps.java:921)
	at java.base/java.util.stream.AbstractPipeline.evaluate(AbstractPipeline.java:234)
	at java.base/java.util.stream.ReferencePipeline.collect(ReferencePipeline.java:682)
	at com.almasb.fxgl.entity@17.1/com.almasb.fxgl.entity.level.tiled.TMXLevelLoader.createTileLayerEntities(TMXLevelLoader.kt:117)
	at com.almasb.fxgl.entity@17.1/com.almasb.fxgl.entity.level.tiled.TMXLevelLoader.load(TMXLevelLoader.kt:58)
	at com.almasb.fxgl.all@17.1/com.almasb.fxgl.app.services.FXGLAssetLoaderService.loadLevel(FXGLAssetLoaderService.kt:446)
	at com.almasb.fxgl.all@17.1/com.almasb.fxgl.dsl.FXGL$Companion.setLevelFromMap(FXGL.kt:634)
	at com.almasb.fxgl.all@17.1/com.almasb.fxgl.dsl.FXGL.setLevelFromMap(FXGL.kt)
	at drop.main/ca.bcit.comp2522.termproject.idk.GameApp.initGame(GameApp.java:31)
	at com.almasb.fxgl.all@17.1/com.almasb.fxgl.app.FXGLApplication$InitAppTask.initGame(FXGLApplication.kt:339)
	at com.almasb.fxgl.all@17.1/com.almasb.fxgl.app.FXGLApplication$InitAppTask.call(FXGLApplication.kt:319)
	at com.almasb.fxgl.all@17.1/com.almasb.fxgl.app.FXGLApplication$InitAppTask.call(FXGLApplication.kt:311)
	at javafx.graphics@18/javafx.concurrent.Task$TaskCallable.call(Task.java:1426)
	at java.base/java.util.concurrent.FutureTask.run(FutureTask.java:264)
	at java.base/java.util.concurrent.Executors$RunnableAdapter.call(Executors.java:539)
	at java.base/java.util.concurrent.FutureTask.run(FutureTask.java:264)
	at java.base/java.util.concurrent.ThreadPoolExecutor.runWorker(ThreadPoolExecutor.java:1136)
	at java.base/java.util.concurrent.ThreadPoolExecutor$Worker.run(ThreadPoolExecutor.java:635)
	at java.base/java.lang.Thread.run(Thread.java:833)

17:54:00.313 [JavaFX Application Thread] DEBUG LoopRunner           - Stopping loop
17:54:00.314 [JavaFX Application Thread] FATAL FXGLApplication      - Uncaught Exception:
java.lang.RuntimeException: Initialization failed
	at com.almasb.fxgl.all@17.1/com.almasb.fxgl.app.FXGLApplication$InitAppTask.failed(FXGLApplication.kt:343)
	at javafx.graphics@18/javafx.concurrent.Task.setState(Task.java:710)
	at javafx.graphics@18/javafx.concurrent.Task$TaskCallable.lambda$call$2(Task.java:1456)
	at javafx.graphics@18/com.sun.javafx.application.PlatformImpl.lambda$runLater$10(PlatformImpl.java:457)
	at java.base/java.security.AccessController.doPrivileged(AccessController.java:399)
	at javafx.graphics@18/com.sun.javafx.application.PlatformImpl.lambda$runLater$11(PlatformImpl.java:456)
	at javafx.graphics@18/com.sun.glass.ui.InvokeLaterDispatcher$Future.run(InvokeLaterDispatcher.java:96)
	at javafx.graphics@18/com.sun.glass.ui.win.WinApplication._runLoop(Native Method)
	at javafx.graphics@18/com.sun.glass.ui.win.WinApplication.lambda$runLoop$3(WinApplication.java:184)
	at java.base/java.lang.Thread.run(Thread.java:833)
Caused by: com.almasb.fxgl.entity.level.LevelLoadingException: arraycopy: last source index 4224 out of bounds for byte[4096]
	at com.almasb.fxgl.entity@17.1/com.almasb.fxgl.entity.level.tiled.TMXLevelLoader.load(TMXLevelLoader.kt:78)
	at com.almasb.fxgl.all@17.1/com.almasb.fxgl.app.services.FXGLAssetLoaderService.loadLevel(FXGLAssetLoaderService.kt:446)
	at com.almasb.fxgl.all@17.1/com.almasb.fxgl.dsl.FXGL$Companion.setLevelFromMap(FXGL.kt:634)
	at com.almasb.fxgl.all@17.1/com.almasb.fxgl.dsl.FXGL.setLevelFromMap(FXGL.kt)
	at drop.main/ca.bcit.comp2522.termproject.idk.GameApp.initGame(GameApp.java:31)
	at com.almasb.fxgl.all@17.1/com.almasb.fxgl.app.FXGLApplication$InitAppTask.initGame(FXGLApplication.kt:339)
	at com.almasb.fxgl.all@17.1/com.almasb.fxgl.app.FXGLApplication$InitAppTask.call(FXGLApplication.kt:319)
	at com.almasb.fxgl.all@17.1/com.almasb.fxgl.app.FXGLApplication$InitAppTask.call(FXGLApplication.kt:311)
	at javafx.graphics@18/javafx.concurrent.Task$TaskCallable.call(Task.java:1426)
	at java.base/java.util.concurrent.FutureTask.run(FutureTask.java:264)
	at java.base/java.util.concurrent.Executors$RunnableAdapter.call(Executors.java:539)
	at java.base/java.util.concurrent.FutureTask.run(FutureTask.java:264)
	at java.base/java.util.concurrent.ThreadPoolExecutor.runWorker(ThreadPoolExecutor.java:1136)
	at java.base/java.util.concurrent.ThreadPoolExecutor$Worker.run(ThreadPoolExecutor.java:635)
	... 1 more
Caused by: java.lang.ArrayIndexOutOfBoundsException: arraycopy: last source index 4224 out of bounds for byte[4096]
	at java.base/java.lang.System.arraycopy(Native Method)
	at javafx.graphics@18/com.sun.javafx.image.impl.BaseByteToByteConverter$ByteAnyToSameConverter.doConvert(BaseByteToByteConverter.java:176)
	at javafx.graphics@18/com.sun.javafx.image.impl.BaseByteToByteConverter.convert(BaseByteToByteConverter.java:99)
	at javafx.graphics@18/com.sun.javafx.image.impl.BaseByteToByteConverter$ByteAnyToSameConverter.convert(BaseByteToByteConverter.java:165)
	at javafx.graphics@18/com.sun.prism.Image$BaseAccessor.getPixels(Image.java:1031)
	at javafx.graphics@18/com.sun.prism.Image.getPixels(Image.java:697)
	at javafx.graphics@18/javafx.scene.image.Image$2.getPixels(Image.java:1224)
	at javafx.graphics@18/com.sun.prism.Image$ByteAccess.setPixels(Image.java:1123)
	at javafx.graphics@18/com.sun.prism.Image.setPixels(Image.java:754)
	at javafx.graphics@18/javafx.scene.image.WritableImage$2.setPixels(WritableImage.java:268)
	at com.almasb.fxgl.entity@17.1/com.almasb.fxgl.entity.level.tiled.TilesetLoader.loadView(TilesetLoader.kt:173)
	at com.almasb.fxgl.entity@17.1/com.almasb.fxgl.entity.level.tiled.TMXLevelLoader.createTileLayerEntities$lambda-4(TMXLevelLoader.kt:100)
	at java.base/java.util.stream.ReferencePipeline$3$1.accept(ReferencePipeline.java:197)
	at java.base/java.util.ArrayList$ArrayListSpliterator.forEachRemaining(ArrayList.java:1625)
	at java.base/java.util.stream.AbstractPipeline.copyInto(AbstractPipeline.java:509)
	at java.base/java.util.stream.AbstractPipeline.wrapAndCopyInto(AbstractPipeline.java:499)
	at java.base/java.util.stream.ReduceOps$ReduceOp.evaluateSequential(ReduceOps.java:921)
	at java.base/java.util.stream.AbstractPipeline.evaluate(AbstractPipeline.java:234)
	at java.base/java.util.stream.ReferencePipeline.collect(ReferencePipeline.java:682)
	at com.almasb.fxgl.entity@17.1/com.almasb.fxgl.entity.level.tiled.TMXLevelLoader.createTileLayerEntities(TMXLevelLoader.kt:117)
	at com.almasb.fxgl.entity@17.1/com.almasb.fxgl.entity.level.tiled.TMXLevelLoader.load(TMXLevelLoader.kt:58)
	... 14 more

17:54:00.314 [JavaFX Application Thread] FATAL FXGLApplication      - Application will now exit
17:54:00.330 [JavaFX Application Thread] DEBUG PrimaryStageWindow   - Push state: ErrorSubScene
17:54:00.330 [JavaFX Application Thread] DEBUG Input                - Clearing active input actions
17:54:00.335 [JavaFX Application Thread] DEBUG GameApplicationServi - Removing overlay from FXGLLoadingScene and adding to ErrorSubScene
17:54:00.335 [JavaFX Application Thread] DEBUG PrimaryStageWindow   - FXGLLoadingScene -> ErrorSubScene
17:54:01.476 [JavaFX Application Thread] DEBUG FXGLApplication      - Exiting FXGL
17:54:01.476 [JavaFX Application Thread] DEBUG Async                - Shutting down background threads
17:54:01.476 [JavaFX Application Thread] DEBUG PrimaryStageWindow   - Closing main window
17:54:01.483 [JavaFX Application Thread] DEBUG Logger               - Closing Logger
